<?xml version="1.0" encoding="UTF-8"?>
<testsuite name="com.sapient.pricetest.PriceFormatMockitoTest" tests="1" skipped="0" failures="0" errors="0" timestamp="2015-06-27T22:19:24" hostname="NYsEgopal63865" time="0.122">
  <properties/>
  <testcase name="test_getPrice_success" classname="com.sapient.pricetest.PriceFormatMockitoTest" time="0.122"/>
  <system-out><![CDATA[]]></system-out>
  <system-err><![CDATA[]]></system-err>
</testsuite>
